
6082875
6764833
7878247
toric_(nan,nan)-[[1058,2,23]]_hx.txt:6908651
2614
343
5
toric_(nan,nan)-[[18,2,3]]_hx.txt:987
2999
881
1432
toric_(nan,nan)-[[18,2,3]]_hx.txt:1770
7781885
8819950
10144946
toric_(nan,nan)-[[1152,2,24]]_hx.txt:8915593
439992
442031
434730
toric_(nan,nan)-[[200,2,10]]_hx.txt:438917
8650103
9876402
10273150
toric_(nan,nan)-[[1352,2,26]]_hx.txt:9599885
9133454
10817673
10286065
toric_(nan,nan)-[[1250,2,25]]_hx.txt:10079064
10138786
12891717
9697178
toric_(nan,nan)-[[1568,2,28]]_hx.txt:10909227
537032
537303
531760
toric_(nan,nan)-[[242,2,11]]_hx.txt:535365
14787899
16135142
12426326
toric_(nan,nan)-[[1800,2,30]]_hx.txt:14449789
15633405
17022881
12879642
toric_(nan,nan)-[[1458,2,27]]_hx.txt:15178642
20656668
19516286
12812182
toric_(nan,nan)-[[1682,2,29]]_hx.txt:17661712
542666
545715
549255
toric_(nan,nan)-[[288,2,12]]_hx.txt:545878
19605026
16557049
16046272
toric_(nan,nan)-[[2178,2,33]]_hx.txt:17402782
25796258
19021940
18495434
toric_(nan,nan)-[[1922,2,31]]_hx.txt:21104544
26415928
23679885
18758197
toric_(nan,nan)-[[2048,2,32]]_hx.txt:22951336
19
8
8
toric_(nan,nan)-[[32,2,4]]_hx.txt:11
27132952
24284218
20844762
toric_(nan,nan)-[[2450,2,35]]_hx.txt:24087310
30704859
26442012
22414684
toric_(nan,nan)-[[2312,2,34]]_hx.txt:26520518
556942
551313
553164
toric_(nan,nan)-[[338,2,13]]_hx.txt:553806
30913716
25681921
25758517
toric_(nan,nan)-[[2592,2,36]]_hx.txt:27451384
37697234
31024932
29698589
toric_(nan,nan)-[[2738,2,37]]_hx.txt:32806918
514319
511593
509595
toric_(nan,nan)-[[392,2,14]]_hx.txt:511835
37293706
32602174
28233890
toric_(nan,nan)-[[2888,2,38]]_hx.txt:32709923
35533450
32207605
30948293
toric_(nan,nan)-[[3200,2,40]]_hx.txt:32896449
40474550
35335840
35447258
toric_(nan,nan)-[[3042,2,39]]_hx.txt:37085882
777562
783501
781527
toric_(nan,nan)-[[450,2,15]]_hx.txt:780863
38634046
32452041
34692128
toric_(nan,nan)-[[3362,2,41]]_hx.txt:35259405
36634052
33695078
35093468
toric_(nan,nan)-[[3698,2,43]]_hx.txt:35140866
43171817
40718573
40749317
toric_(nan,nan)-[[3528,2,42]]_hx.txt:41546569
11
3
4
toric_(nan,nan)-[[50,2,5]]_hx.txt:6
1179411
1196217
1214224
toric_(nan,nan)-[[512,2,16]]_hx.txt:1196617
35978331
37579072
36737955
toric_(nan,nan)-[[3872,2,44]]_hx.txt:36765119
1665562
1493842
1435797
toric_(nan,nan)-[[578,2,17]]_hx.txt:1531733
1627664
1620416
2052908
toric_(nan,nan)-[[648,2,18]]_hx.txt:1766996
5473
4285
1094
toric_(nan,nan)-[[72,2,6]]_hx.txt:3617
2443609
2898774
2217093
toric_(nan,nan)-[[722,2,19]]_hx.txt:2519825
0
0
0
toric_(nan,nan)-[[8,2,2]]_hx.txt:0
2673269
1973852
2028006
toric_(nan,nan)-[[800,2,20]]_hx.txt:2225042
2181369
2179637
2191660
toric_(nan,nan)-[[882,2,21]]_hx.txt:2184222
10329
11798
11913
toric_(nan,nan)-[[98,2,7]]_hx.txt:11346
2759961
2634877
2836155
toric_(nan,nan)-[[968,2,22]]_hx.txt:2743664
46461216
47210829
40410307
toric_(nan,nan)-[[4232,2,46]]_hx.txt:44694117
37100378
36698433
28215241
toric_(nan,nan)-[[4418,2,47]]_hx.txt:34004684
51151178
53064173
42407845
toric_(nan,nan)-[[4050,2,45]]_hx.txt:48874398
59292442
38231250
71358887
